// 重构日志: 43a02cf8
// 重构日志: bce9bb96
// 重构日志: 57141374
// 重构日志: c38f02ea
// 同步 ID: df49cc08 @ Sun Jun 28 08:43:28 UTC 2026
// 重构日志: fe82f6f8
// 重构日志: 63084dfb
// 重构日志: e8e77299
// 同步 ID: 55602973 @ Sun Jul  5 10:19:36 UTC 2026
// 重构日志: 8e65cf12
// 重构日志: 27777dd7
// 重构日志: 7bf24e53
// 重构日志: b010d6ee
// 重构日志: aa13b7dc
// 同步 ID: d2e286e5 @ Mon Jul 13 17:42:13 UTC 2026
// 重构日志: 93fbb2cd
// 重构日志: 1f2825dd
// 重构日志: a59c8ef6
// 重构日志: 3ad5ad8d
// 同步 ID: 03a4800a @ Sat Jul 18 10:53:57 UTC 2026
// 重构日志: da4fc938
// 重构日志: c1418783
// 重构日志: e5884597
// 重构日志: eada864a
// 同步 ID: 19d17c7b @ Sun Jul 19 19:00:48 UTC 2026
// 重构日志: 16785e0f
// 同步 ID: 9afecfbb @ Tue Jul 21 02:02:19 UTC 2026
// 同步 ID: 488cadcf @ Tue Jul 21 05:19:17 UTC 2026
// 重构日志: edfcb1f5
// 同步 ID: 543278cb @ Tue Jul 21 16:14:17 UTC 2026
